<?xml version="1.0" encoding="UTF-8"?>
<!-- Generated by org.testng.reporters.JUnitReportReporter -->
<testsuite skipped="0" hostname="dee-pc" name="com.architecturedee.basesetup.TestSetup" tests="2" failures="0" timestamp="19 Nov 2017 02:37:25 GMT" time="0.008" errors="0">
  <testcase name="f" time="0.005" classname="com.architecturedee.basesetup.TestSetup"/>
  <testcase name="f" time="0.003" classname="com.architecturedee.basesetup.TestSetup"/>
</testsuite> <!-- com.architecturedee.basesetup.TestSetup -->
